@I [HLS-0] Workspace /home/zynq-fyp/Desktop/maxi_latest/backsub_hls_maxi/solution1 opened at Wed Dec 27 16:14:33 +0530 2017
@I [HLS-100] Command "config_clock -quiet -name default -period 10 -default=false "
@I [SYN-201] Setting up clock 'default' with a period of 10ns.
@I [HLS-100] Command 'config_clock' returned 0; elapsed 2.8e-05Total elapsed time: 0.124 sec.
@I [HLS-100] Command "open_platform DefaultPlatform "
@I [HLS-100] Command 'open_platform' returned 0; elapsed 3.1e-05Total elapsed time: 0.124 sec.
@I [HLS-100] Command "import_lib /home/zynq-fyp/Xilinx/Vivado_HLS/2015.4/common/technology/xilinx/zynq/zynq "
@I [HLS-100] Command "source /home/zynq-fyp/Xilinx/Vivado_HLS/2015.4/common/technology/xilinx/common/xilinx.lib "
@I [HLS-100] Command "source /home/zynq-fyp/Xilinx/Vivado_HLS/2015.4/common/technology/xilinx/interface/xilinx_interface.lib "
@I [HLS-100] Command "source /home/zynq-fyp/Xilinx/Vivado_HLS/2015.4/common/technology/xilinx/interface/plb46.lib "
@I [HLS-100] Command 'ap_source' returned 0; elapsed 0.000161Total elapsed time: 0.125 sec.
@I [HLS-100] Command "source /home/zynq-fyp/Xilinx/Vivado_HLS/2015.4/common/technology/xilinx/interface/fsl.lib "
@I [HLS-100] Command 'ap_source' returned 0; elapsed 7.2e-05Total elapsed time: 0.125 sec.
@I [HLS-100] Command "source /home/zynq-fyp/Xilinx/Vivado_HLS/2015.4/common/technology/xilinx/interface/axi4.lib "
@I [HLS-100] Command 'ap_source' returned 0; elapsed 0.000102Total elapsed time: 0.125 sec.
@I [HLS-100] Command "source /home/zynq-fyp/Xilinx/Vivado_HLS/2015.4/common/technology/xilinx/interface/maxi.lib "
@I [HLS-100] Command 'ap_source' returned 0; elapsed 9e-05Total elapsed time: 0.125 sec.
@I [HLS-100] Command "source /home/zynq-fyp/Xilinx/Vivado_HLS/2015.4/common/technology/xilinx/interface/saxilite.lib "
@I [HLS-100] Command 'ap_source' returned 0; elapsed 5.7e-05Total elapsed time: 0.125 sec.
@I [HLS-100] Command 'ap_source' returned 0; elapsed 0.000645Total elapsed time: 0.125 sec.
@I [HLS-100] Command "source /home/zynq-fyp/Xilinx/Vivado_HLS/2015.4/common/technology/xilinx/common/dsp48.lib "
@I [HLS-100] Command 'ap_source' returned 0; elapsed 5.9e-05Total elapsed time: 0.125 sec.
@I [HLS-100] Command "source /home/zynq-fyp/Xilinx/Vivado_HLS/2015.4/common/technology/xilinx/ip/xfir.lib "
@I [HLS-100] Command 'ap_source' returned 0; elapsed 3.9e-05Total elapsed time: 0.125 sec.
@I [HLS-100] Command "source /home/zynq-fyp/Xilinx/Vivado_HLS/2015.4/common/technology/xilinx/ip/xfft.lib "
@I [HLS-100] Command 'ap_source' returned 0; elapsed 3.3e-05Total elapsed time: 0.125 sec.
@I [HLS-100] Command "source /home/zynq-fyp/Xilinx/Vivado_HLS/2015.4/common/technology/xilinx/ip/dds_compiler.lib "
@I [HLS-100] Command 'ap_source' returned 0; elapsed 3.2e-05Total elapsed time: 0.125 sec.
@I [HLS-100] Command 'ap_source' returned 0; elapsed 0.002061Total elapsed time: 0.127 sec.
@I [HLS-100] Command "source /home/zynq-fyp/Xilinx/Vivado_HLS/2015.4/common/technology/xilinx/common/xilinx_old.lib "
@I [HLS-100] Command 'ap_source' returned 0; elapsed 0.000361Total elapsed time: 0.128 sec.
@I [HLS-100] Command "source /home/zynq-fyp/Xilinx/Vivado_HLS/2015.4/common/technology/xilinx/common/xilinx_vivado.lib "
@I [HLS-100] Command 'ap_source' returned 0; elapsed 0.00034Total elapsed time: 0.128 sec.
@I [HLS-100] Command "source /home/zynq-fyp/Xilinx/Vivado_HLS/2015.4/common/technology/xilinx/common/xilinx.hlp "
@I [HLS-100] Command "source /home/zynq-fyp/Xilinx/Vivado_HLS/2015.4/common/technology/xilinx/common/target_info.tcl "
@I [HLS-100] Command 'ap_source' returned 0; elapsed 5.6e-05Total elapsed time: 0.129 sec.
@I [HLS-100] Command "source /home/zynq-fyp/Xilinx/Vivado_HLS/2015.4/common/technology/xilinx/interface/xilinx_interface.hlp "
@I [HLS-100] Command "source /home/zynq-fyp/Xilinx/Vivado_HLS/2015.4/common/technology/xilinx/interface/maxi.hlp "
@I [HLS-100] Command 'ap_source' returned 0; elapsed 4.2e-05Total elapsed time: 0.129 sec.
@I [HLS-100] Command "source /home/zynq-fyp/Xilinx/Vivado_HLS/2015.4/common/technology/xilinx/interface/saxilite.hlp "
@I [HLS-100] Command 'ap_source' returned 0; elapsed 5.1e-05Total elapsed time: 0.130 sec.
@I [HLS-100] Command 'ap_source' returned 0; elapsed 0.000153Total elapsed time: 0.130 sec.
@I [HLS-100] Command "source /home/zynq-fyp/Xilinx/Vivado_HLS/2015.4/common/technology/xilinx/common/dsp48.hlp "
@I [HLS-100] Command 'ap_source' returned 0; elapsed 0.000295Total elapsed time: 0.130 sec.
@I [HLS-100] Command 'ap_source' returned 0; elapsed 0.001073Total elapsed time: 0.130 sec.
@I [HLS-100] Command "source /home/zynq-fyp/Xilinx/Vivado_HLS/2015.4/common/technology/xilinx/zynq/dsp48e1.hlp "
@I [HLS-100] Command 'ap_source' returned 0; elapsed 3.7e-05Total elapsed time: 0.130 sec.
@I [HLS-100] Command "get_default_platform "
@I [HLS-100] Command 'get_default_platform' returned 0; elapsed 3e-06Total elapsed time: 0.130 sec.
@I [HLS-100] Command "config_chip_info -quiet -resource  {SLICE 13300}  {LUT 53200}     {FF 106400} {DSP48E 220}   {BRAM 280}  "
@I [HLS-100] Command 'config_chip_info' returned 0; elapsed 1e-05Total elapsed time: 0.130 sec.
@I [HLS-100] Command "config_chip_info -quiet -speed medium "
@I [HLS-100] Command 'config_chip_info' returned 0; elapsed 3e-06Total elapsed time: 0.130 sec.
@I [HLS-100] Command 'import_lib' returned 0; elapsed 0.006745Total elapsed time: 0.131 sec.
@I [HLS-100] Command "source /home/zynq-fyp/Xilinx/Vivado_HLS/2015.4/common/technology/xilinx/zynq/zynq.gen "
@I [HLS-100] Command "source /home/zynq-fyp/Xilinx/Vivado_HLS/2015.4/common/technology/xilinx/common/virtex.gen "
@I [HLS-100] Command "source /home/zynq-fyp/Xilinx/Vivado_HLS/2015.4/common/technology/xilinx/common/xilinx.gen "
@I [HLS-100] Command "source /home/zynq-fyp/Xilinx/Vivado_HLS/2015.4/common/technology/xilinx/interface/plb46.gen "
@I [HLS-100] Command 'ap_source' returned 0; elapsed 0.000558Total elapsed time: 0.132 sec.
@I [HLS-100] Command "source /home/zynq-fyp/Xilinx/Vivado_HLS/2015.4/common/technology/xilinx/interface/fsl.gen "
@I [HLS-100] Command 'ap_source' returned 0; elapsed 0.00021Total elapsed time: 0.132 sec.
@I [HLS-100] Command "source /home/zynq-fyp/Xilinx/Vivado_HLS/2015.4/common/technology/xilinx/interface/axi4.gen "
@I [HLS-100] Command 'ap_source' returned 0; elapsed 0.001062Total elapsed time: 0.133 sec.
@I [HLS-100] Command "source /home/zynq-fyp/Xilinx/Vivado_HLS/2015.4/common/technology/xilinx/interface/nativeAXI4.gen "
@I [HLS-100] Command "source /home/zynq-fyp/Xilinx/Vivado_HLS/2015.4/common/technology/xilinx/interface/saxilite.gen "
@I [HLS-100] Command 'ap_source' returned 0; elapsed 0.001945Total elapsed time: 0.135 sec.
@I [HLS-100] Command "source /home/zynq-fyp/Xilinx/Vivado_HLS/2015.4/common/technology/xilinx/interface/maxi.gen "
@I [HLS-100] Command 'ap_source' returned 0; elapsed 0.003997Total elapsed time: 0.139 sec.
@I [HLS-100] Command 'ap_source' returned 0; elapsed 0.006021Total elapsed time: 0.139 sec.
@I [HLS-100] Command "source /home/zynq-fyp/Xilinx/Vivado_HLS/2015.4/common/technology/xilinx/scripts/xilinxcoregen.gen "
@I [HLS-100] Command 'ap_source' returned 0; elapsed 0.00464Total elapsed time: 0.144 sec.
@I [HLS-100] Command "source /home/zynq-fyp/Xilinx/Vivado_HLS/2015.4/common/technology/xilinx/interface/XilEDKCoreGen.gen "
@I [HLS-100] Command 'ap_source' returned 0; elapsed 0.004333Total elapsed time: 0.148 sec.
@I [HLS-100] Command "source /home/zynq-fyp/Xilinx/Vivado_HLS/2015.4/common/technology/xilinx/ip/xfft.gen "
@I [HLS-100] Command 'ap_source' returned 0; elapsed 0.058271Total elapsed time: 0.207 sec.
@I [HLS-100] Command "source /home/zynq-fyp/Xilinx/Vivado_HLS/2015.4/common/technology/xilinx/ip/xfir.gen "
@I [HLS-100] Command "source /home/zynq-fyp/Xilinx/Vivado_HLS/2015.4/tps/tcl/tcllib1.11.1/struct/list.tcl "
@I [HLS-100] Command "source /home/zynq-fyp/Xilinx/Vivado_HLS/2015.4/tps/tcl/tcllib1.11.1/cmdline/cmdline.tcl "
@I [HLS-100] Command 'ap_source' returned 0; elapsed 0.000368Total elapsed time: 0.215 sec.
@I [HLS-100] Command 'ap_source' returned 0; elapsed 0.000827Total elapsed time: 0.215 sec.
@I [HLS-100] Command "source /home/zynq-fyp/Xilinx/Vivado_HLS/2015.4/tps/tcl/tcllib1.11.1/math/bignum.tcl "
@I [HLS-100] Command 'ap_source' returned 0; elapsed 0.000302Total elapsed time: 0.220 sec.
@I [HLS-100] Command 'ap_source' returned 0; elapsed 0.017293Total elapsed time: 0.224 sec.
@I [HLS-100] Command "source /home/zynq-fyp/Xilinx/Vivado_HLS/2015.4/common/technology/xilinx/ip/util.gen "
@I [HLS-100] Command 'ap_source' returned 0; elapsed 7.1e-05Total elapsed time: 0.224 sec.
@I [HLS-100] Command "source /home/zynq-fyp/Xilinx/Vivado_HLS/2015.4/common/technology/xilinx/ip/dds_compiler.gen "
@I [HLS-100] Command 'ap_source' returned 0; elapsed 0.001697Total elapsed time: 0.226 sec.
@I [HLS-100] Command 'ap_source' returned 0; elapsed 0.094499Total elapsed time: 0.226 sec.
@I [HLS-100] Command "source /home/zynq-fyp/Xilinx/Vivado_HLS/2015.4/common/technology/xilinx/common/dsp48.gen "
@I [HLS-100] Command 'ap_source' returned 0; elapsed 6.3e-05Total elapsed time: 0.227 sec.
@I [HLS-100] Command 'ap_source' returned 0; elapsed 0.095468Total elapsed time: 0.227 sec.
@I [HLS-100] Command 'ap_source' returned 0; elapsed 0.095528Total elapsed time: 0.227 sec.
@I [HLS-100] Command "open_platform DefaultPlatform "
@I [HLS-100] Command 'open_platform' returned 0; elapsed 4e-06Total elapsed time: 0.227 sec.
@I [HLS-100] Command "import_lib /home/zynq-fyp/Xilinx/Vivado_HLS/2015.4/common/technology/xilinx/zynq/zynq_fpv6 "
@I [HLS-100] Command "source /home/zynq-fyp/Xilinx/Vivado_HLS/2015.4/common/technology/xilinx/common/xilinx_fpv7.lib "
@I [HLS-100] Command "source /home/zynq-fyp/Xilinx/Vivado_HLS/2015.4/common/technology/xilinx/common/xilinx_hp.lib "
@I [HLS-100] Command 'ap_source' returned 0; elapsed 0.00035Total elapsed time: 0.227 sec.
@I [HLS-100] Command 'ap_source' returned 0; elapsed 0.001824Total elapsed time: 0.229 sec.
@I [HLS-100] Command "source /home/zynq-fyp/Xilinx/Vivado_HLS/2015.4/common/technology/xilinx/common/xilinx_fpv.hlp "
@I [HLS-100] Command "source /home/zynq-fyp/Xilinx/Vivado_HLS/2015.4/common/technology/xilinx/common/xilinx.hlp "
@I [HLS-100] Command "source /home/zynq-fyp/Xilinx/Vivado_HLS/2015.4/common/technology/xilinx/common/target_info.tcl "
@I [HLS-100] Command 'ap_source' returned 0; elapsed 7.4e-05Total elapsed time: 0.232 sec.
@I [HLS-100] Command "source /home/zynq-fyp/Xilinx/Vivado_HLS/2015.4/common/technology/xilinx/interface/xilinx_interface.hlp "
@I [HLS-100] Command "source /home/zynq-fyp/Xilinx/Vivado_HLS/2015.4/common/technology/xilinx/interface/maxi.hlp "
@I [HLS-100] Command 'ap_source' returned 0; elapsed 4.4e-05Total elapsed time: 0.232 sec.
@I [HLS-100] Command "source /home/zynq-fyp/Xilinx/Vivado_HLS/2015.4/common/technology/xilinx/interface/saxilite.hlp "
@I [HLS-100] Command 'ap_source' returned 0; elapsed 4.5e-05Total elapsed time: 0.232 sec.
@I [HLS-100] Command 'ap_source' returned 0; elapsed 0.000149Total elapsed time: 0.232 sec.
@I [HLS-100] Command "source /home/zynq-fyp/Xilinx/Vivado_HLS/2015.4/common/technology/xilinx/common/dsp48.hlp "
@I [HLS-100] Command 'ap_source' returned 0; elapsed 0.000298Total elapsed time: 0.232 sec.
@I [HLS-100] Command 'ap_source' returned 0; elapsed 0.001086Total elapsed time: 0.233 sec.
@I [HLS-100] Command 'ap_source' returned 0; elapsed 0.001349Total elapsed time: 0.233 sec.
@I [HLS-100] Command "source /home/zynq-fyp/Xilinx/Vivado_HLS/2015.4/common/technology/xilinx/zynq/zynq_hp.hlp "
@I [HLS-100] Command 'ap_source' returned 0; elapsed 0.000414Total elapsed time: 0.233 sec.
@I [HLS-100] Command 'import_lib' returned 0; elapsed 0.008545Total elapsed time: 0.235 sec.
@I [HLS-100] Command "source /home/zynq-fyp/Xilinx/Vivado_HLS/2015.4/common/technology/xilinx/zynq/zynq_fpv6.gen "
@I [HLS-100] Command "source /home/zynq-fyp/Xilinx/Vivado_HLS/2015.4/common/technology/xilinx/common/xilinx_fpv6.gen "
@I [HLS-100] Command 'ap_source' returned 0; elapsed 0.000863Total elapsed time: 0.236 sec.
@I [HLS-100] Command 'ap_source' returned 0; elapsed 0.000918Total elapsed time: 0.236 sec.
@I [HLS-100] Command "set_part xc7z020clg484-1 "
@I [HLS-100] Command "add_library xilinx/zynq/zynq:xc7z020:clg484:-1 "
@I [HLS-100] Command "get_default_platform "
@I [HLS-100] Command 'get_default_platform' returned 0; elapsed 5e-06Total elapsed time: 0.238 sec.
@I [HLS-100] Command "license_isbetapart xc7z020 "
@I [HLS-100] Command 'license_isbetapart' returned 1; elapsed 0.003996Total elapsed time: 0.243 sec.
@I [HLS-100] Command "get_default_platform "
@I [HLS-100] Command 'get_default_platform' returned 0; elapsed 4e-06Total elapsed time: 0.243 sec.
@I [HLS-100] Command "config_chip_info -quiet -resource  {SLICE 13300}  {LUT 53200}     {FF 106400} {DSP48E 220}   {BRAM 280}  "
@I [HLS-100] Command 'config_chip_info' returned 0; elapsed 1e-05Total elapsed time: 0.243 sec.
@I [HLS-100] Command "config_chip_info -quiet -speed slow "
@I [HLS-100] Command 'config_chip_info' returned 0; elapsed 2e-06Total elapsed time: 0.243 sec.
@I [HLS-100] Command 'add_library' returned 0; elapsed 0.005543Total elapsed time: 0.244 sec.
@I [HLS-100] Command "add_library xilinx/zynq/zynq_fpv6 "
@I [HLS-100] Command "get_default_platform "
@I [HLS-100] Command 'get_default_platform' returned 0; elapsed 3e-06Total elapsed time: 0.244 sec.
@I [HLS-100] Command 'add_library' returned 0; elapsed 0.000739Total elapsed time: 0.244 sec.
@I [HLS-10] Setting target device to 'xc7z020clg484-1'
@I [HLS-100] Command 'set_part' returned 0; elapsed 0.007775Total elapsed time: 0.244 sec.
@I [HLS-100] Command "get_default_platform "
@I [HLS-100] Command 'get_default_platform' returned 0; elapsed 2e-06Total elapsed time: 0.244 sec.
@I [HLS-100] Command "config_chip_info -quiet -resource  {SLICE 13300}  {LUT 53200}     {FF 106400} {DSP48E 220}   {BRAM 280}  "
@I [HLS-100] Command 'config_chip_info' returned 0; elapsed 5e-06Total elapsed time: 0.245 sec.
@I [HLS-100] Command "config_chip_info -quiet -speed slow "
@I [HLS-100] Command 'config_chip_info' returned 0; elapsed 2e-06Total elapsed time: 0.245 sec.
@I [HLS-100] Command 'open_solution' returned 0; elapsed 0.123313Total elapsed time: 0.245 sec.
@I [HLS-100] Command "export_design -format ip_catalog "
@I [HLS-100] Command "source /home/zynq-fyp/Desktop/maxi_latest/backsub_hls_maxi/solution1/.autopilot/db/global.setting.tcl "
@I [HLS-100] Command 'ap_source' returned 0; elapsed 9.9e-05Total elapsed time: 0.248 sec.
@I [HLS-100] Command "source /home/zynq-fyp/Xilinx/Vivado_HLS/2015.4/common/technology/generic/autopilot/common.gen "
@I [HLS-100] Command "source /home/zynq-fyp/Xilinx/Vivado_HLS/2015.4/common/technology/generic/autopilot/APCoreGen.gen "
@I [HLS-100] Command 'ap_source' returned 0; elapsed 0.000345Total elapsed time: 0.250 sec.
@I [HLS-100] Command 'ap_source' returned 0; elapsed 0.000692Total elapsed time: 0.250 sec.
@I [HLS-100] Command "source /home/zynq-fyp/Xilinx/Vivado_HLS/2015.4/common/technology/generic/autopilot/op.gen "
@I [HLS-100] Command 'ap_source' returned 0; elapsed 0.000182Total elapsed time: 0.250 sec.
@I [HLS-100] Command "source /home/zynq-fyp/Xilinx/Vivado_HLS/2015.4/common/technology/generic/autopilot/op_simcore.gen "
@I [HLS-100] Command 'ap_source' returned 0; elapsed 0.000453Total elapsed time: 0.251 sec.
@I [HLS-100] Command "source /home/zynq-fyp/Xilinx/Vivado_HLS/2015.4/common/technology/generic/autopilot/interface.gen "
@I [HLS-100] Command 'ap_source' returned 0; elapsed 4.7e-05Total elapsed time: 0.251 sec.
@I [HLS-100] Command "source /home/zynq-fyp/Desktop/maxi_latest/backsub_hls_maxi/solution1/.autopilot/db/global.setting.tcl "
@I [HLS-100] Command 'ap_source' returned 0; elapsed 8.7e-05Total elapsed time: 0.251 sec.
@I [HLS-100] Command "source /home/zynq-fyp/Xilinx/Vivado_HLS/2015.4/common/technology/xilinx/zynq/zynq.gen "
@I [HLS-100] Command "source /home/zynq-fyp/Xilinx/Vivado_HLS/2015.4/common/technology/xilinx/common/virtex.gen "
@I [HLS-100] Command "source /home/zynq-fyp/Xilinx/Vivado_HLS/2015.4/common/technology/xilinx/common/xilinx.gen "
@I [HLS-100] Command "source /home/zynq-fyp/Xilinx/Vivado_HLS/2015.4/common/technology/xilinx/interface/plb46.gen "
@I [HLS-100] Command 'ap_source' returned 0; elapsed 0.000657Total elapsed time: 0.252 sec.
@I [HLS-100] Command "source /home/zynq-fyp/Xilinx/Vivado_HLS/2015.4/common/technology/xilinx/interface/fsl.gen "
@I [HLS-100] Command 'ap_source' returned 0; elapsed 0.000231Total elapsed time: 0.252 sec.
@I [HLS-100] Command "source /home/zynq-fyp/Xilinx/Vivado_HLS/2015.4/common/technology/xilinx/interface/axi4.gen "
@I [HLS-100] Command 'ap_source' returned 0; elapsed 0.001163Total elapsed time: 0.254 sec.
@I [HLS-100] Command "source /home/zynq-fyp/Xilinx/Vivado_HLS/2015.4/common/technology/xilinx/interface/nativeAXI4.gen "
@I [HLS-100] Command "source /home/zynq-fyp/Xilinx/Vivado_HLS/2015.4/common/technology/xilinx/interface/saxilite.gen "
@I [HLS-100] Command 'ap_source' returned 0; elapsed 0.002233Total elapsed time: 0.256 sec.
@I [HLS-100] Command "source /home/zynq-fyp/Xilinx/Vivado_HLS/2015.4/common/technology/xilinx/interface/maxi.gen "
@I [HLS-100] Command 'ap_source' returned 0; elapsed 0.003846Total elapsed time: 0.260 sec.
@I [HLS-100] Command 'ap_source' returned 0; elapsed 0.006161Total elapsed time: 0.260 sec.
@I [HLS-100] Command "source /home/zynq-fyp/Xilinx/Vivado_HLS/2015.4/common/technology/xilinx/scripts/xilinxcoregen.gen "
@I [HLS-100] Command 'ap_source' returned 0; elapsed 0.004558Total elapsed time: 0.264 sec.
@I [HLS-100] Command "source /home/zynq-fyp/Xilinx/Vivado_HLS/2015.4/common/technology/xilinx/interface/XilEDKCoreGen.gen "
@I [HLS-100] Command 'ap_source' returned 0; elapsed 0.004397Total elapsed time: 0.269 sec.
@I [HLS-100] Command "source /home/zynq-fyp/Xilinx/Vivado_HLS/2015.4/common/technology/xilinx/ip/xfft.gen "
@I [HLS-100] Command 'ap_source' returned 0; elapsed 0.054187Total elapsed time: 0.323 sec.
@I [HLS-100] Command "source /home/zynq-fyp/Xilinx/Vivado_HLS/2015.4/common/technology/xilinx/ip/xfir.gen "
@I [HLS-100] Command 'ap_source' returned 0; elapsed 0.017163Total elapsed time: 0.340 sec.
@I [HLS-100] Command "source /home/zynq-fyp/Xilinx/Vivado_HLS/2015.4/common/technology/xilinx/ip/util.gen "
@I [HLS-100] Command 'ap_source' returned 0; elapsed 8.7e-05Total elapsed time: 0.340 sec.
@I [HLS-100] Command "source /home/zynq-fyp/Xilinx/Vivado_HLS/2015.4/common/technology/xilinx/ip/dds_compiler.gen "
@I [HLS-100] Command 'ap_source' returned 0; elapsed 0.001912Total elapsed time: 0.342 sec.
@I [HLS-100] Command 'ap_source' returned 0; elapsed 0.090885Total elapsed time: 0.342 sec.
@I [HLS-100] Command "source /home/zynq-fyp/Xilinx/Vivado_HLS/2015.4/common/technology/xilinx/common/dsp48.gen "
@I [HLS-100] Command 'ap_source' returned 0; elapsed 6.6e-05Total elapsed time: 0.343 sec.
@I [HLS-100] Command 'ap_source' returned 0; elapsed 0.091936Total elapsed time: 0.343 sec.
@I [HLS-100] Command 'ap_source' returned 0; elapsed 0.092Total elapsed time: 0.343 sec.
@I [HLS-100] Command "source /home/zynq-fyp/Xilinx/Vivado_HLS/2015.4/common/technology/xilinx/zynq/zynq_fpv6.gen "
@I [HLS-100] Command "source /home/zynq-fyp/Xilinx/Vivado_HLS/2015.4/common/technology/xilinx/common/xilinx_fpv6.gen "
@I [HLS-100] Command 'ap_source' returned 0; elapsed 0.000836Total elapsed time: 0.344 sec.
@I [HLS-100] Command 'ap_source' returned 0; elapsed 0.000891Total elapsed time: 0.344 sec.
@I [HLS-100] Command "source /home/zynq-fyp/Desktop/maxi_latest/backsub_hls_maxi/solution1/.autopilot/db/global.setting.tcl "
@I [HLS-100] Command 'ap_source' returned 0; elapsed 8.7e-05Total elapsed time: 0.344 sec.
@I [IMPL-8] Exporting RTL as an IP in IP-XACT.
@I [HLS-100] Command "source /home/zynq-fyp/Desktop/maxi_latest/backsub_hls_maxi/solution1/.autopilot/db/global.setting.tcl "
@I [HLS-100] Command 'ap_source' returned 0; elapsed 0.000156Total elapsed time: 0.345 sec.
@I [HLS-100] Command "source /home/zynq-fyp/Desktop/maxi_latest/backsub_hls_maxi/solution1/.autopilot/db/global.setting.tcl "
@I [HLS-100] Command 'ap_source' returned 0; elapsed 8.8e-05Total elapsed time: 0.348 sec.
@I [HLS-100] Command "source /home/zynq-fyp/Xilinx/Vivado_HLS/2015.4/common/technology/generic/autopilot/common.gen "
@I [HLS-100] Command "source /home/zynq-fyp/Xilinx/Vivado_HLS/2015.4/common/technology/generic/autopilot/APCoreGen.gen "
@I [HLS-100] Command 'ap_source' returned 0; elapsed 0.000283Total elapsed time: 0.349 sec.
@I [HLS-100] Command 'ap_source' returned 0; elapsed 0.000597Total elapsed time: 0.349 sec.
@I [HLS-100] Command "source /home/zynq-fyp/Xilinx/Vivado_HLS/2015.4/common/technology/generic/autopilot/op.gen "
@I [HLS-100] Command 'ap_source' returned 0; elapsed 0.000163Total elapsed time: 0.349 sec.
@I [HLS-100] Command "source /home/zynq-fyp/Xilinx/Vivado_HLS/2015.4/common/technology/generic/autopilot/op_simcore.gen "
@I [HLS-100] Command 'ap_source' returned 0; elapsed 0.000495Total elapsed time: 0.350 sec.
@I [HLS-100] Command "source /home/zynq-fyp/Xilinx/Vivado_HLS/2015.4/common/technology/generic/autopilot/interface.gen "
@I [HLS-100] Command 'ap_source' returned 0; elapsed 3.9e-05Total elapsed time: 0.350 sec.
@I [HLS-100] Command "source /home/zynq-fyp/Desktop/maxi_latest/backsub_hls_maxi/solution1/.autopilot/db/global.setting.tcl "
@I [HLS-100] Command 'ap_source' returned 0; elapsed 7.9e-05Total elapsed time: 0.350 sec.
@I [HLS-100] Command "source /home/zynq-fyp/Xilinx/Vivado_HLS/2015.4/common/technology/xilinx/zynq/zynq.gen "
@I [HLS-100] Command "source /home/zynq-fyp/Xilinx/Vivado_HLS/2015.4/common/technology/xilinx/common/virtex.gen "
@I [HLS-100] Command "source /home/zynq-fyp/Xilinx/Vivado_HLS/2015.4/common/technology/xilinx/common/xilinx.gen "
@I [HLS-100] Command "source /home/zynq-fyp/Xilinx/Vivado_HLS/2015.4/common/technology/xilinx/interface/plb46.gen "
@I [HLS-100] Command 'ap_source' returned 0; elapsed 0.00054Total elapsed time: 0.351 sec.
@I [HLS-100] Command "source /home/zynq-fyp/Xilinx/Vivado_HLS/2015.4/common/technology/xilinx/interface/fsl.gen "
@I [HLS-100] Command 'ap_source' returned 0; elapsed 0.000235Total elapsed time: 0.351 sec.
@I [HLS-100] Command "source /home/zynq-fyp/Xilinx/Vivado_HLS/2015.4/common/technology/xilinx/interface/axi4.gen "
@I [HLS-100] Command 'ap_source' returned 0; elapsed 0.001092Total elapsed time: 0.352 sec.
@I [HLS-100] Command "source /home/zynq-fyp/Xilinx/Vivado_HLS/2015.4/common/technology/xilinx/interface/nativeAXI4.gen "
@I [HLS-100] Command "source /home/zynq-fyp/Xilinx/Vivado_HLS/2015.4/common/technology/xilinx/interface/saxilite.gen "
@I [HLS-100] Command 'ap_source' returned 0; elapsed 0.001819Total elapsed time: 0.354 sec.
@I [HLS-100] Command "source /home/zynq-fyp/Xilinx/Vivado_HLS/2015.4/common/technology/xilinx/interface/maxi.gen "
@I [HLS-100] Command 'ap_source' returned 0; elapsed 0.003825Total elapsed time: 0.358 sec.
@I [HLS-100] Command 'ap_source' returned 0; elapsed 0.005721Total elapsed time: 0.358 sec.
@I [HLS-100] Command "source /home/zynq-fyp/Xilinx/Vivado_HLS/2015.4/common/technology/xilinx/scripts/xilinxcoregen.gen "
@I [HLS-100] Command 'ap_source' returned 0; elapsed 0.004623Total elapsed time: 0.362 sec.
@I [HLS-100] Command "source /home/zynq-fyp/Xilinx/Vivado_HLS/2015.4/common/technology/xilinx/interface/XilEDKCoreGen.gen "
@I [HLS-100] Command 'ap_source' returned 0; elapsed 0.004298Total elapsed time: 0.367 sec.
@I [HLS-100] Command "source /home/zynq-fyp/Xilinx/Vivado_HLS/2015.4/common/technology/xilinx/ip/xfft.gen "
@I [HLS-100] Command 'ap_source' returned 0; elapsed 0.055115Total elapsed time: 0.422 sec.
@I [HLS-100] Command "source /home/zynq-fyp/Xilinx/Vivado_HLS/2015.4/common/technology/xilinx/ip/xfir.gen "
@I [HLS-100] Command 'ap_source' returned 0; elapsed 0.017002Total elapsed time: 0.439 sec.
@I [HLS-100] Command "source /home/zynq-fyp/Xilinx/Vivado_HLS/2015.4/common/technology/xilinx/ip/util.gen "
@I [HLS-100] Command 'ap_source' returned 0; elapsed 9.1e-05Total elapsed time: 0.439 sec.
@I [HLS-100] Command "source /home/zynq-fyp/Xilinx/Vivado_HLS/2015.4/common/technology/xilinx/ip/dds_compiler.gen "
@I [HLS-100] Command 'ap_source' returned 0; elapsed 0.002035Total elapsed time: 0.441 sec.
@I [HLS-100] Command 'ap_source' returned 0; elapsed 0.091142Total elapsed time: 0.441 sec.
@I [HLS-100] Command "source /home/zynq-fyp/Xilinx/Vivado_HLS/2015.4/common/technology/xilinx/common/dsp48.gen "
@I [HLS-100] Command 'ap_source' returned 0; elapsed 6.8e-05Total elapsed time: 0.442 sec.
@I [HLS-100] Command 'ap_source' returned 0; elapsed 0.092157Total elapsed time: 0.442 sec.
@I [HLS-100] Command 'ap_source' returned 0; elapsed 0.092226Total elapsed time: 0.442 sec.
@I [HLS-100] Command "source /home/zynq-fyp/Xilinx/Vivado_HLS/2015.4/common/technology/xilinx/zynq/zynq_fpv6.gen "
@I [HLS-100] Command "source /home/zynq-fyp/Xilinx/Vivado_HLS/2015.4/common/technology/xilinx/common/xilinx_fpv6.gen "
@I [HLS-100] Command 'ap_source' returned 0; elapsed 0.000836Total elapsed time: 0.443 sec.
@I [HLS-100] Command 'ap_source' returned 0; elapsed 0.000892Total elapsed time: 0.443 sec.
@I [HLS-100] Command "source /home/zynq-fyp/Desktop/maxi_latest/backsub_hls_maxi/solution1/.autopilot/db/global.setting.tcl "
@I [HLS-100] Command 'ap_source' returned 0; elapsed 8e-05Total elapsed time: 0.443 sec.
@I [HLS-100] Command "source /home/zynq-fyp/Desktop/maxi_latest/backsub_hls_maxi/solution1/.autopilot/db/global.setting.tcl "
@I [HLS-100] Command 'ap_source' returned 0; elapsed 6.9e-05Total elapsed time: 0.443 sec.
@I [HLS-100] Command "source /home/zynq-fyp/Desktop/maxi_latest/backsub_hls_maxi/solution1/.autopilot/db/backsub.compgen.tcl "
@I [HLS-100] Command 'ap_source' returned 0; elapsed 0.008146Total elapsed time: 0.452 sec.
@I [HLS-100] Command "source /home/zynq-fyp/Desktop/maxi_latest/backsub_hls_maxi/solution1/.autopilot/db/global.setting.tcl "
@I [HLS-100] Command 'ap_source' returned 0; elapsed 7.5e-05Total elapsed time: 0.455 sec.
@I [HLS-100] Command "source /home/zynq-fyp/Desktop/maxi_latest/backsub_hls_maxi/solution1/.autopilot/db/global.setting.tcl "
@I [HLS-100] Command 'ap_source' returned 0; elapsed 6.5e-05Total elapsed time: 0.455 sec.
@I [HLS-100] Command "source /home/zynq-fyp/Desktop/maxi_latest/backsub_hls_maxi/solution1/.autopilot/db/backsub.compgen.tcl "
@I [HLS-100] Command "source /home/zynq-fyp/Desktop/maxi_latest/backsub_hls_maxi/solution1/.autopilot/db/backsub.rtl_wrap.cfg.tcl "
@I [HLS-100] Command 'ap_source' returned 0; elapsed 0.000106Total elapsed time: 0.455 sec.
@I [HLS-100] Command "source /home/zynq-fyp/Desktop/maxi_latest/backsub_hls_maxi/solution1/.autopilot/db/backsub.rtl_wrap.cfg.tcl "
@I [HLS-100] Command 'ap_source' returned 0; elapsed 0.000102Total elapsed time: 0.455 sec.
@I [HLS-100] Command "source /home/zynq-fyp/Desktop/maxi_latest/backsub_hls_maxi/solution1/.autopilot/db/backsub.rtl_wrap.cfg.tcl "
@I [HLS-100] Command 'ap_source' returned 0; elapsed 0.000106Total elapsed time: 0.456 sec.
@I [HLS-100] Command "source /home/zynq-fyp/Desktop/maxi_latest/backsub_hls_maxi/solution1/.autopilot/db/backsub.tbgen.tcl "
@I [HLS-100] Command 'ap_source' returned 0; elapsed 0.000123Total elapsed time: 0.456 sec.
@I [HLS-100] Command "source /home/zynq-fyp/Desktop/maxi_latest/backsub_hls_maxi/solution1/.autopilot/db/backsub.tbgen.tcl "
@I [HLS-100] Command 'ap_source' returned 0; elapsed 0.000119Total elapsed time: 0.456 sec.
@I [HLS-100] Command 'ap_source' returned 0; elapsed 0.050156Total elapsed time: 0.505 sec.
@I [HLS-100] Command "source /home/zynq-fyp/Desktop/maxi_latest/backsub_hls_maxi/solution1/.autopilot/db/global.setting.tcl "
@I [HLS-100] Command 'ap_source' returned 0; elapsed 7.2e-05Total elapsed time: 0.508 sec.
@I [HLS-100] Command "source /home/zynq-fyp/Desktop/maxi_latest/backsub_hls_maxi/solution1/.autopilot/db/global.setting.tcl "
@I [HLS-100] Command 'ap_source' returned 0; elapsed 6.8e-05Total elapsed time: 0.508 sec.
@I [HLS-100] Command "source /home/zynq-fyp/Desktop/maxi_latest/backsub_hls_maxi/solution1/.autopilot/db/backsub.compgen.tcl "
@I [HLS-100] Command 'ap_source' returned 0; elapsed 0.001165Total elapsed time: 0.509 sec.
@I [HLS-100] Command "source /home/zynq-fyp/Desktop/maxi_latest/backsub_hls_maxi/solution1/.autopilot/db/global.setting.tcl "
@I [HLS-100] Command 'ap_source' returned 0; elapsed 7.9e-05Total elapsed time: 0.559 sec.
@I [HLS-100] Command "source /home/zynq-fyp/Desktop/maxi_latest/backsub_hls_maxi/solution1/.autopilot/db/backsub.constraint.tcl "
@I [HLS-100] Command 'ap_source' returned 0; elapsed 3.4e-05Total elapsed time: 0.559 sec.
@I [HLS-100] Command "source /home/zynq-fyp/Desktop/maxi_latest/backsub_hls_maxi/solution1/.autopilot/db/backsub.rtl_wrap.cfg.tcl "
@I [HLS-100] Command 'ap_source' returned 0; elapsed 0.000124Total elapsed time: 0.577 sec.
@I [HLS-100] Command "source /home/zynq-fyp/Desktop/maxi_latest/backsub_hls_maxi/solution1/.autopilot/db/backsub.rtl_wrap.cfg.tcl "
@I [HLS-100] Command 'ap_source' returned 0; elapsed 9.8e-05Total elapsed time: 0.577 sec.
@I [HLS-100] Command "source /home/zynq-fyp/Desktop/maxi_latest/backsub_hls_maxi/solution1/.autopilot/db/backsub.rtl_wrap.cfg.tcl "
@I [HLS-100] Command 'ap_source' returned 0; elapsed 0.0001Total elapsed time: 0.577 sec.
@I [HLS-100] Command "source /home/zynq-fyp/Desktop/maxi_latest/backsub_hls_maxi/solution1/.autopilot/db/backsub.tbgen.tcl "
@I [HLS-100] Command 'ap_source' returned 0; elapsed 0.000135Total elapsed time: 0.577 sec.
@I [HLS-100] Command "source /home/zynq-fyp/Desktop/maxi_latest/backsub_hls_maxi/solution1/.autopilot/db/backsub.tbgen.tcl "
@I [HLS-100] Command 'ap_source' returned 0; elapsed 0.000118Total elapsed time: 0.577 sec.
@I [HLS-100] Command "source /home/zynq-fyp/Desktop/maxi_latest/backsub_hls_maxi/solution1/.autopilot/db/backsub.tbgen.tcl "
@I [HLS-100] Command 'ap_source' returned 0; elapsed 0.000138Total elapsed time: 0.627 sec.
@I [HLS-100] Command "source /home/zynq-fyp/Desktop/maxi_latest/backsub_hls_maxi/solution1/.autopilot/db/global.setting.tcl "
@I [HLS-100] Command 'ap_source' returned 0; elapsed 8.3e-05Total elapsed time: 0.630 sec.
@I [HLS-100] Command "source /home/zynq-fyp/Desktop/maxi_latest/backsub_hls_maxi/solution1/.autopilot/db/global.setting.tcl "
@I [HLS-100] Command 'ap_source' returned 0; elapsed 7.4e-05Total elapsed time: 0.638 sec.
@I [HLS-100] Command "source /home/zynq-fyp/Desktop/maxi_latest/backsub_hls_maxi/solution1/.autopilot/db/global.setting.tcl "
@I [HLS-100] Command 'ap_source' returned 0; elapsed 7.5e-05Total elapsed time: 0.639 sec.
@I [HLS-100] Command "source /home/zynq-fyp/Desktop/maxi_latest/backsub_hls_maxi/solution1/.autopilot/db/backsub.rtl_wrap.cfg.tcl "
@I [HLS-100] Command 'ap_source' returned 0; elapsed 0.000118Total elapsed time: 0.640 sec.
@I [HLS-100] Command "source /home/zynq-fyp/Desktop/maxi_latest/backsub_hls_maxi/solution1/.autopilot/db/backsub.rtl_wrap.cfg.tcl "
@I [HLS-100] Command 'ap_source' returned 0; elapsed 0.000123Total elapsed time: 0.641 sec.
@I [HLS-100] Command "source /home/zynq-fyp/Desktop/maxi_latest/backsub_hls_maxi/solution1/.autopilot/db/backsub.tbgen.tcl "
@I [HLS-100] Command 'ap_source' returned 0; elapsed 0.000133Total elapsed time: 0.641 sec.
@I [HLS-100] Command "source /home/zynq-fyp/Desktop/maxi_latest/backsub_hls_maxi/solution1/.autopilot/db/backsub.tbgen.tcl "
@I [HLS-100] Command 'ap_source' returned 0; elapsed 0.00012Total elapsed time: 0.641 sec.
@I [HLS-100] Command "source /home/zynq-fyp/Desktop/maxi_latest/backsub_hls_maxi/solution1/.autopilot/db/backsub.rtl_wrap.cfg.tcl "
@I [HLS-100] Command 'ap_source' returned 0; elapsed 0.000106Total elapsed time: 0.687 sec.
@I [HLS-100] Command "source /home/zynq-fyp/Desktop/maxi_latest/backsub_hls_maxi/solution1/.autopilot/db/backsub.rtl_wrap.cfg.tcl "
@I [HLS-100] Command 'ap_source' returned 0; elapsed 0.000101Total elapsed time: 0.687 sec.
@I [HLS-100] Command "source /home/zynq-fyp/Desktop/maxi_latest/backsub_hls_maxi/solution1/.autopilot/db/backsub.tbgen.tcl "
@I [HLS-100] Command 'ap_source' returned 0; elapsed 0.000132Total elapsed time: 0.687 sec.
@I [HLS-100] Command "source /home/zynq-fyp/Desktop/maxi_latest/backsub_hls_maxi/solution1/.autopilot/db/backsub.tbgen.tcl "
@I [HLS-100] Command 'ap_source' returned 0; elapsed 0.000118Total elapsed time: 0.687 sec.
@I [HLS-100] Command "source /home/zynq-fyp/Desktop/maxi_latest/backsub_hls_maxi/solution1/.autopilot/db/global.setting.tcl "
@I [HLS-100] Command 'ap_source' returned 0; elapsed 7.5e-05Total elapsed time: 0.731 sec.
@I [HLS-100] Command "source /home/zynq-fyp/Desktop/maxi_latest/backsub_hls_maxi/solution1/.autopilot/db/backsub.rtl_wrap.cfg.tcl "
@I [HLS-100] Command 'ap_source' returned 0; elapsed 0.000108Total elapsed time: 0.732 sec.
@I [HLS-100] Command "source /home/zynq-fyp/Desktop/maxi_latest/backsub_hls_maxi/solution1/.autopilot/db/backsub.rtl_wrap.cfg.tcl "
@I [HLS-100] Command 'ap_source' returned 0; elapsed 0.000103Total elapsed time: 0.732 sec.
@I [HLS-100] Command "source /home/zynq-fyp/Desktop/maxi_latest/backsub_hls_maxi/solution1/.autopilot/db/backsub.tbgen.tcl "
@I [HLS-100] Command 'ap_source' returned 0; elapsed 0.000129Total elapsed time: 0.732 sec.
@I [HLS-100] Command "source /home/zynq-fyp/Desktop/maxi_latest/backsub_hls_maxi/solution1/.autopilot/db/backsub.tbgen.tcl "
@I [HLS-100] Command 'ap_source' returned 0; elapsed 0.000118Total elapsed time: 0.732 sec.
@I [HLS-100] Command "source /home/zynq-fyp/Desktop/maxi_latest/backsub_hls_maxi/solution1/.autopilot/db/global.setting.tcl "
@I [HLS-100] Command 'ap_source' returned 0; elapsed 7.7e-05Total elapsed time: 0.777 sec.
@I [HLS-100] Command "source /home/zynq-fyp/Desktop/maxi_latest/backsub_hls_maxi/solution1/.autopilot/db/backsub.constraint.tcl "
@I [HLS-100] Command 'ap_source' returned 0; elapsed 3e-05Total elapsed time: 0.778 sec.
@I [HLS-100] Command "source /home/zynq-fyp/Desktop/maxi_latest/backsub_hls_maxi/solution1/.autopilot/db/global.setting.tcl "
@I [HLS-100] Command 'ap_source' returned 0; elapsed 7.4e-05Total elapsed time: 0.787 sec.
@I [HLS-100] Command "source /home/zynq-fyp/Desktop/maxi_latest/backsub_hls_maxi/solution1/.autopilot/db/global.setting.tcl "
@I [HLS-100] Command 'ap_source' returned 0; elapsed 7e-05Total elapsed time: 0.795 sec.
@I [HLS-100] Command "source /home/zynq-fyp/Desktop/maxi_latest/backsub_hls_maxi/solution1/.autopilot/db/backsub.constraint.tcl "
@I [HLS-100] Command 'ap_source' returned 0; elapsed 2.8e-05Total elapsed time: 0.795 sec.
@I [HLS-100] Command "source /home/zynq-fyp/Desktop/maxi_latest/backsub_hls_maxi/solution1/.autopilot/db/backsub.constraint.tcl "
@I [HLS-100] Command 'ap_source' returned 0; elapsed 2.8e-05Total elapsed time: 0.795 sec.
@I [HLS-100] Command "source /home/zynq-fyp/Xilinx/Vivado_HLS/2015.4/common/technology/generic/autopilot/common.gen "
@I [HLS-100] Command "source /home/zynq-fyp/Xilinx/Vivado_HLS/2015.4/common/technology/generic/autopilot/APCoreGen.gen "
@I [HLS-100] Command 'ap_source' returned 0; elapsed 0.000298Total elapsed time: 0.892 sec.
@I [HLS-100] Command 'ap_source' returned 0; elapsed 0.00064Total elapsed time: 0.892 sec.
@I [HLS-100] Command "source /home/zynq-fyp/Xilinx/Vivado_HLS/2015.4/common/technology/generic/autopilot/op.gen "
@I [HLS-100] Command 'ap_source' returned 0; elapsed 0.000158Total elapsed time: 0.893 sec.
@I [HLS-100] Command "source /home/zynq-fyp/Xilinx/Vivado_HLS/2015.4/common/technology/generic/autopilot/op_simcore.gen "
@I [HLS-100] Command 'ap_source' returned 0; elapsed 0.000497Total elapsed time: 0.893 sec.
@I [HLS-100] Command "source /home/zynq-fyp/Xilinx/Vivado_HLS/2015.4/common/technology/generic/autopilot/interface.gen "
@I [HLS-100] Command 'ap_source' returned 0; elapsed 4.4e-05Total elapsed time: 0.893 sec.
@I [HLS-100] Command "source /home/zynq-fyp/Desktop/maxi_latest/backsub_hls_maxi/solution1/.autopilot/db/global.setting.tcl "
@I [HLS-100] Command 'ap_source' returned 0; elapsed 7.2e-05Total elapsed time: 0.893 sec.
@I [HLS-100] Command "source /home/zynq-fyp/Xilinx/Vivado_HLS/2015.4/common/technology/xilinx/zynq/zynq.gen "
@I [HLS-100] Command "source /home/zynq-fyp/Xilinx/Vivado_HLS/2015.4/common/technology/xilinx/common/virtex.gen "
@I [HLS-100] Command "source /home/zynq-fyp/Xilinx/Vivado_HLS/2015.4/common/technology/xilinx/common/xilinx.gen "
@I [HLS-100] Command "source /home/zynq-fyp/Xilinx/Vivado_HLS/2015.4/common/technology/xilinx/interface/plb46.gen "
@I [HLS-100] Command 'ap_source' returned 0; elapsed 0.000572Total elapsed time: 0.894 sec.
@I [HLS-100] Command "source /home/zynq-fyp/Xilinx/Vivado_HLS/2015.4/common/technology/xilinx/interface/fsl.gen "
@I [HLS-100] Command 'ap_source' returned 0; elapsed 0.000238Total elapsed time: 0.894 sec.
@I [HLS-100] Command "source /home/zynq-fyp/Xilinx/Vivado_HLS/2015.4/common/technology/xilinx/interface/axi4.gen "
@I [HLS-100] Command 'ap_source' returned 0; elapsed 0.001212Total elapsed time: 0.896 sec.
@I [HLS-100] Command "source /home/zynq-fyp/Xilinx/Vivado_HLS/2015.4/common/technology/xilinx/interface/nativeAXI4.gen "
@I [HLS-100] Command "source /home/zynq-fyp/Xilinx/Vivado_HLS/2015.4/common/technology/xilinx/interface/saxilite.gen "
@I [HLS-100] Command 'ap_source' returned 0; elapsed 0.001909Total elapsed time: 0.898 sec.
@I [HLS-100] Command "source /home/zynq-fyp/Xilinx/Vivado_HLS/2015.4/common/technology/xilinx/interface/maxi.gen "
@I [HLS-100] Command 'ap_source' returned 0; elapsed 0.00374Total elapsed time: 0.901 sec.
@I [HLS-100] Command 'ap_source' returned 0; elapsed 0.005723Total elapsed time: 0.901 sec.
@I [HLS-100] Command "source /home/zynq-fyp/Xilinx/Vivado_HLS/2015.4/common/technology/xilinx/scripts/xilinxcoregen.gen "
@I [HLS-100] Command 'ap_source' returned 0; elapsed 0.004523Total elapsed time: 0.906 sec.
@I [HLS-100] Command "source /home/zynq-fyp/Xilinx/Vivado_HLS/2015.4/common/technology/xilinx/interface/XilEDKCoreGen.gen "
@I [HLS-100] Command 'ap_source' returned 0; elapsed 0.00475Total elapsed time: 0.911 sec.
@I [HLS-100] Command "source /home/zynq-fyp/Xilinx/Vivado_HLS/2015.4/common/technology/xilinx/ip/xfft.gen "
@I [HLS-100] Command 'ap_source' returned 0; elapsed 0.055766Total elapsed time: 0.967 sec.
@I [HLS-100] Command "source /home/zynq-fyp/Xilinx/Vivado_HLS/2015.4/common/technology/xilinx/ip/xfir.gen "
@I [HLS-100] Command 'ap_source' returned 0; elapsed 0.017134Total elapsed time: 0.984 sec.
@I [HLS-100] Command "source /home/zynq-fyp/Xilinx/Vivado_HLS/2015.4/common/technology/xilinx/ip/util.gen "
@I [HLS-100] Command 'ap_source' returned 0; elapsed 7.7e-05Total elapsed time: 0.984 sec.
@I [HLS-100] Command "source /home/zynq-fyp/Xilinx/Vivado_HLS/2015.4/common/technology/xilinx/ip/dds_compiler.gen "
@I [HLS-100] Command 'ap_source' returned 0; elapsed 0.001903Total elapsed time: 0.986 sec.
@I [HLS-100] Command 'ap_source' returned 0; elapsed 0.092261Total elapsed time: 0.986 sec.
@I [HLS-100] Command "source /home/zynq-fyp/Xilinx/Vivado_HLS/2015.4/common/technology/xilinx/common/dsp48.gen "
@I [HLS-100] Command 'ap_source' returned 0; elapsed 6.8e-05Total elapsed time: 0.987 sec.
@I [HLS-100] Command 'ap_source' returned 0; elapsed 0.09325Total elapsed time: 0.987 sec.
@I [HLS-100] Command 'ap_source' returned 0; elapsed 0.093303Total elapsed time: 0.987 sec.
@I [HLS-100] Command "source /home/zynq-fyp/Xilinx/Vivado_HLS/2015.4/common/technology/xilinx/zynq/zynq_fpv6.gen "
@I [HLS-100] Command "source /home/zynq-fyp/Xilinx/Vivado_HLS/2015.4/common/technology/xilinx/common/xilinx_fpv6.gen "
@I [HLS-100] Command 'ap_source' returned 0; elapsed 0.001145Total elapsed time: 0.988 sec.
@I [HLS-100] Command 'ap_source' returned 0; elapsed 0.001201Total elapsed time: 0.988 sec.
@I [HLS-100] Command "source /home/zynq-fyp/Desktop/maxi_latest/backsub_hls_maxi/solution1/.autopilot/db/global.setting.tcl "
@I [HLS-100] Command 'ap_source' returned 0; elapsed 0.00013Total elapsed time: 9.471 sec.
@I [HLS-100] Command "source /home/zynq-fyp/Xilinx/Vivado_HLS/2015.4/common/technology/generic/autopilot/common.gen "
@I [HLS-100] Command "source /home/zynq-fyp/Xilinx/Vivado_HLS/2015.4/common/technology/generic/autopilot/APCoreGen.gen "
@I [HLS-100] Command 'ap_source' returned 0; elapsed 0.000323Total elapsed time: 9.473 sec.
@I [HLS-100] Command 'ap_source' returned 0; elapsed 0.000737Total elapsed time: 9.474 sec.
@I [HLS-100] Command "source /home/zynq-fyp/Xilinx/Vivado_HLS/2015.4/common/technology/generic/autopilot/op.gen "
@I [HLS-100] Command 'ap_source' returned 0; elapsed 0.000181Total elapsed time: 9.474 sec.
@I [HLS-100] Command "source /home/zynq-fyp/Xilinx/Vivado_HLS/2015.4/common/technology/generic/autopilot/op_simcore.gen "
@I [HLS-100] Command 'ap_source' returned 0; elapsed 0.000542Total elapsed time: 9.474 sec.
@I [HLS-100] Command "source /home/zynq-fyp/Xilinx/Vivado_HLS/2015.4/common/technology/generic/autopilot/interface.gen "
@I [HLS-100] Command 'ap_source' returned 0; elapsed 4.1e-05Total elapsed time: 9.474 sec.
@I [HLS-100] Command "source /home/zynq-fyp/Desktop/maxi_latest/backsub_hls_maxi/solution1/.autopilot/db/global.setting.tcl "
@I [HLS-100] Command 'ap_source' returned 0; elapsed 7.3e-05Total elapsed time: 9.475 sec.
@I [HLS-100] Command "source /home/zynq-fyp/Xilinx/Vivado_HLS/2015.4/common/technology/xilinx/zynq/zynq.gen "
@I [HLS-100] Command "source /home/zynq-fyp/Xilinx/Vivado_HLS/2015.4/common/technology/xilinx/common/virtex.gen "
@I [HLS-100] Command "source /home/zynq-fyp/Xilinx/Vivado_HLS/2015.4/common/technology/xilinx/common/xilinx.gen "
@I [HLS-100] Command "source /home/zynq-fyp/Xilinx/Vivado_HLS/2015.4/common/technology/xilinx/interface/plb46.gen "
@I [HLS-100] Command 'ap_source' returned 0; elapsed 0.000634Total elapsed time: 9.475 sec.
@I [HLS-100] Command "source /home/zynq-fyp/Xilinx/Vivado_HLS/2015.4/common/technology/xilinx/interface/fsl.gen "
@I [HLS-100] Command 'ap_source' returned 0; elapsed 0.000253Total elapsed time: 9.476 sec.
@I [HLS-100] Command "source /home/zynq-fyp/Xilinx/Vivado_HLS/2015.4/common/technology/xilinx/interface/axi4.gen "
@I [HLS-100] Command 'ap_source' returned 0; elapsed 0.00126Total elapsed time: 9.477 sec.
@I [HLS-100] Command "source /home/zynq-fyp/Xilinx/Vivado_HLS/2015.4/common/technology/xilinx/interface/nativeAXI4.gen "
@I [HLS-100] Command "source /home/zynq-fyp/Xilinx/Vivado_HLS/2015.4/common/technology/xilinx/interface/saxilite.gen "
@I [HLS-100] Command 'ap_source' returned 0; elapsed 0.002054Total elapsed time: 9.479 sec.
@I [HLS-100] Command "source /home/zynq-fyp/Xilinx/Vivado_HLS/2015.4/common/technology/xilinx/interface/maxi.gen "
@I [HLS-100] Command 'ap_source' returned 0; elapsed 0.003867Total elapsed time: 9.483 sec.
@I [HLS-100] Command 'ap_source' returned 0; elapsed 0.005998Total elapsed time: 9.483 sec.
@I [HLS-100] Command "source /home/zynq-fyp/Xilinx/Vivado_HLS/2015.4/common/technology/xilinx/scripts/xilinxcoregen.gen "
@I [HLS-100] Command 'ap_source' returned 0; elapsed 0.005143Total elapsed time: 9.488 sec.
@I [HLS-100] Command "source /home/zynq-fyp/Xilinx/Vivado_HLS/2015.4/common/technology/xilinx/interface/XilEDKCoreGen.gen "
@I [HLS-100] Command 'ap_source' returned 0; elapsed 0.004439Total elapsed time: 9.493 sec.
@I [HLS-100] Command "source /home/zynq-fyp/Xilinx/Vivado_HLS/2015.4/common/technology/xilinx/ip/xfft.gen "
@I [HLS-100] Command 'ap_source' returned 0; elapsed 0.055951Total elapsed time: 9.549 sec.
@I [HLS-100] Command "source /home/zynq-fyp/Xilinx/Vivado_HLS/2015.4/common/technology/xilinx/ip/xfir.gen "
@I [HLS-100] Command 'ap_source' returned 0; elapsed 0.01747Total elapsed time: 9.566 sec.
@I [HLS-100] Command "source /home/zynq-fyp/Xilinx/Vivado_HLS/2015.4/common/technology/xilinx/ip/util.gen "
@I [HLS-100] Command 'ap_source' returned 0; elapsed 8.1e-05Total elapsed time: 9.566 sec.
@I [HLS-100] Command "source /home/zynq-fyp/Xilinx/Vivado_HLS/2015.4/common/technology/xilinx/ip/dds_compiler.gen "
@I [HLS-100] Command 'ap_source' returned 0; elapsed 0.001964Total elapsed time: 9.568 sec.
@I [HLS-100] Command 'ap_source' returned 0; elapsed 0.093553Total elapsed time: 9.568 sec.
@I [HLS-100] Command "source /home/zynq-fyp/Xilinx/Vivado_HLS/2015.4/common/technology/xilinx/common/dsp48.gen "
@I [HLS-100] Command 'ap_source' returned 0; elapsed 6.9e-05Total elapsed time: 9.569 sec.
@I [HLS-100] Command 'ap_source' returned 0; elapsed 0.094541Total elapsed time: 9.569 sec.
@I [HLS-100] Command 'ap_source' returned 0; elapsed 0.094595Total elapsed time: 9.569 sec.
@I [HLS-100] Command "source /home/zynq-fyp/Xilinx/Vivado_HLS/2015.4/common/technology/xilinx/zynq/zynq_fpv6.gen "
@I [HLS-100] Command "source /home/zynq-fyp/Xilinx/Vivado_HLS/2015.4/common/technology/xilinx/common/xilinx_fpv6.gen "
@I [HLS-100] Command 'ap_source' returned 0; elapsed 0.000833Total elapsed time: 9.570 sec.
@I [HLS-100] Command 'ap_source' returned 0; elapsed 0.000889Total elapsed time: 9.570 sec.
@I [HLS-100] Command "source /home/zynq-fyp/Desktop/maxi_latest/backsub_hls_maxi/solution1/.autopilot/db/global.setting.tcl "
@I [HLS-100] Command 'ap_source' returned 0; elapsed 9.1e-05Total elapsed time: 9.570 sec.
@I [HLS-100] Command "source /home/zynq-fyp/Desktop/maxi_latest/backsub_hls_maxi/solution1/.autopilot/db/global.setting.tcl "
@I [HLS-100] Command 'ap_source' returned 0; elapsed 7.6e-05Total elapsed time: 9.571 sec.
@I [HLS-100] Command "source /home/zynq-fyp/Desktop/maxi_latest/backsub_hls_maxi/solution1/.autopilot/db/global.setting.tcl "
@I [HLS-100] Command 'ap_source' returned 0; elapsed 9.5e-05Total elapsed time: 9.573 sec.
@I [HLS-100] Command "source /home/zynq-fyp/Xilinx/Vivado_HLS/2015.4/common/technology/generic/autopilot/common.gen "
@I [HLS-100] Command "source /home/zynq-fyp/Xilinx/Vivado_HLS/2015.4/common/technology/generic/autopilot/APCoreGen.gen "
@I [HLS-100] Command 'ap_source' returned 0; elapsed 0.000296Total elapsed time: 9.573 sec.
@I [HLS-100] Command 'ap_source' returned 0; elapsed 0.000623Total elapsed time: 9.574 sec.
@I [HLS-100] Command "source /home/zynq-fyp/Xilinx/Vivado_HLS/2015.4/common/technology/generic/autopilot/op.gen "
@I [HLS-100] Command 'ap_source' returned 0; elapsed 0.000172Total elapsed time: 9.574 sec.
@I [HLS-100] Command "source /home/zynq-fyp/Xilinx/Vivado_HLS/2015.4/common/technology/generic/autopilot/op_simcore.gen "
@I [HLS-100] Command 'ap_source' returned 0; elapsed 0.000471Total elapsed time: 9.574 sec.
@I [HLS-100] Command "source /home/zynq-fyp/Xilinx/Vivado_HLS/2015.4/common/technology/generic/autopilot/interface.gen "
@I [HLS-100] Command 'ap_source' returned 0; elapsed 3.8e-05Total elapsed time: 9.574 sec.
@I [HLS-100] Command "source /home/zynq-fyp/Desktop/maxi_latest/backsub_hls_maxi/solution1/.autopilot/db/global.setting.tcl "
@I [HLS-100] Command 'ap_source' returned 0; elapsed 7.5e-05Total elapsed time: 9.575 sec.
@I [HLS-100] Command "source /home/zynq-fyp/Xilinx/Vivado_HLS/2015.4/common/technology/xilinx/zynq/zynq.gen "
@I [HLS-100] Command "source /home/zynq-fyp/Xilinx/Vivado_HLS/2015.4/common/technology/xilinx/common/virtex.gen "
@I [HLS-100] Command "source /home/zynq-fyp/Xilinx/Vivado_HLS/2015.4/common/technology/xilinx/common/xilinx.gen "
@I [HLS-100] Command "source /home/zynq-fyp/Xilinx/Vivado_HLS/2015.4/common/technology/xilinx/interface/plb46.gen "
@I [HLS-100] Command 'ap_source' returned 0; elapsed 0.000536Total elapsed time: 9.575 sec.
@I [HLS-100] Command "source /home/zynq-fyp/Xilinx/Vivado_HLS/2015.4/common/technology/xilinx/interface/fsl.gen "
@I [HLS-100] Command 'ap_source' returned 0; elapsed 0.000239Total elapsed time: 9.576 sec.
@I [HLS-100] Command "source /home/zynq-fyp/Xilinx/Vivado_HLS/2015.4/common/technology/xilinx/interface/axi4.gen "
@I [HLS-100] Command 'ap_source' returned 0; elapsed 0.001113Total elapsed time: 9.577 sec.
@I [HLS-100] Command "source /home/zynq-fyp/Xilinx/Vivado_HLS/2015.4/common/technology/xilinx/interface/nativeAXI4.gen "
@I [HLS-100] Command "source /home/zynq-fyp/Xilinx/Vivado_HLS/2015.4/common/technology/xilinx/interface/saxilite.gen "
@I [HLS-100] Command 'ap_source' returned 0; elapsed 0.001899Total elapsed time: 9.579 sec.
@I [HLS-100] Command "source /home/zynq-fyp/Xilinx/Vivado_HLS/2015.4/common/technology/xilinx/interface/maxi.gen "
@I [HLS-100] Command 'ap_source' returned 0; elapsed 0.003807Total elapsed time: 9.583 sec.
@I [HLS-100] Command 'ap_source' returned 0; elapsed 0.005781Total elapsed time: 9.583 sec.
@I [HLS-100] Command "source /home/zynq-fyp/Xilinx/Vivado_HLS/2015.4/common/technology/xilinx/scripts/xilinxcoregen.gen "
@I [HLS-100] Command 'ap_source' returned 0; elapsed 0.005021Total elapsed time: 9.588 sec.
@I [HLS-100] Command "source /home/zynq-fyp/Xilinx/Vivado_HLS/2015.4/common/technology/xilinx/interface/XilEDKCoreGen.gen "
@I [HLS-100] Command 'ap_source' returned 0; elapsed 0.004419Total elapsed time: 9.592 sec.
@I [HLS-100] Command "source /home/zynq-fyp/Xilinx/Vivado_HLS/2015.4/common/technology/xilinx/ip/xfft.gen "
@I [HLS-100] Command 'ap_source' returned 0; elapsed 0.057205Total elapsed time: 9.649 sec.
@I [HLS-100] Command "source /home/zynq-fyp/Xilinx/Vivado_HLS/2015.4/common/technology/xilinx/ip/xfir.gen "
@I [HLS-100] Command 'ap_source' returned 0; elapsed 0.017335Total elapsed time: 9.667 sec.
@I [HLS-100] Command "source /home/zynq-fyp/Xilinx/Vivado_HLS/2015.4/common/technology/xilinx/ip/util.gen "
@I [HLS-100] Command 'ap_source' returned 0; elapsed 8.1e-05Total elapsed time: 9.667 sec.
@I [HLS-100] Command "source /home/zynq-fyp/Xilinx/Vivado_HLS/2015.4/common/technology/xilinx/ip/dds_compiler.gen "
@I [HLS-100] Command 'ap_source' returned 0; elapsed 0.001914Total elapsed time: 9.669 sec.
@I [HLS-100] Command 'ap_source' returned 0; elapsed 0.094024Total elapsed time: 9.669 sec.
@I [HLS-100] Command "source /home/zynq-fyp/Xilinx/Vivado_HLS/2015.4/common/technology/xilinx/common/dsp48.gen "
@I [HLS-100] Command 'ap_source' returned 0; elapsed 9.8e-05Total elapsed time: 9.670 sec.
@I [HLS-100] Command 'ap_source' returned 0; elapsed 0.095023Total elapsed time: 9.670 sec.
@I [HLS-100] Command 'ap_source' returned 0; elapsed 0.095077Total elapsed time: 9.670 sec.
@I [HLS-100] Command "source /home/zynq-fyp/Xilinx/Vivado_HLS/2015.4/common/technology/xilinx/zynq/zynq_fpv6.gen "
@I [HLS-100] Command "source /home/zynq-fyp/Xilinx/Vivado_HLS/2015.4/common/technology/xilinx/common/xilinx_fpv6.gen "
@I [HLS-100] Command 'ap_source' returned 0; elapsed 0.000808Total elapsed time: 9.671 sec.
@I [HLS-100] Command 'ap_source' returned 0; elapsed 0.000862Total elapsed time: 9.671 sec.
@I [HLS-100] Command "source /home/zynq-fyp/Desktop/maxi_latest/backsub_hls_maxi/solution1/.autopilot/db/global.setting.tcl "
@I [HLS-100] Command 'ap_source' returned 0; elapsed 8.2e-05Total elapsed time: 9.671 sec.
@I [HLS-100] Command "source /home/zynq-fyp/Desktop/maxi_latest/backsub_hls_maxi/solution1/.autopilot/db/global.setting.tcl "
@I [HLS-100] Command 'ap_source' returned 0; elapsed 6.8e-05Total elapsed time: 9.671 sec.
@I [HLS-100] Command "source /home/zynq-fyp/Desktop/maxi_latest/backsub_hls_maxi/solution1/.autopilot/db/backsub.compgen.tcl "
@I [HLS-100] Command 'ap_source' returned 0; elapsed 0.009117Total elapsed time: 9.680 sec.
@I [HLS-100] Command "source /home/zynq-fyp/Desktop/maxi_latest/backsub_hls_maxi/solution1/.autopilot/db/global.setting.tcl "
@I [HLS-100] Command 'ap_source' returned 0; elapsed 7.6e-05Total elapsed time: 9.696 sec.
@I [HLS-100] Command "source /home/zynq-fyp/Desktop/maxi_latest/backsub_hls_maxi/solution1/.autopilot/db/backsub.constraint.tcl "
@I [HLS-100] Command 'ap_source' returned 0; elapsed 3e-05Total elapsed time: 9.696 sec.
@I [HLS-100] Command "source /home/zynq-fyp/Xilinx/Vivado_HLS/2015.4/common/technology/generic/autopilot/common.gen "
@I [HLS-100] Command "source /home/zynq-fyp/Xilinx/Vivado_HLS/2015.4/common/technology/generic/autopilot/APCoreGen.gen "
@I [HLS-100] Command 'ap_source' returned 0; elapsed 0.000279Total elapsed time: 9.775 sec.
@I [HLS-100] Command 'ap_source' returned 0; elapsed 0.00062Total elapsed time: 9.775 sec.
@I [HLS-100] Command "source /home/zynq-fyp/Xilinx/Vivado_HLS/2015.4/common/technology/generic/autopilot/op.gen "
@I [HLS-100] Command 'ap_source' returned 0; elapsed 0.00016Total elapsed time: 9.775 sec.
@I [HLS-100] Command "source /home/zynq-fyp/Xilinx/Vivado_HLS/2015.4/common/technology/generic/autopilot/op_simcore.gen "
@I [HLS-100] Command 'ap_source' returned 0; elapsed 0.000491Total elapsed time: 9.776 sec.
@I [HLS-100] Command "source /home/zynq-fyp/Xilinx/Vivado_HLS/2015.4/common/technology/generic/autopilot/interface.gen "
@I [HLS-100] Command 'ap_source' returned 0; elapsed 4.1e-05Total elapsed time: 9.776 sec.
@I [HLS-100] Command "source /home/zynq-fyp/Desktop/maxi_latest/backsub_hls_maxi/solution1/.autopilot/db/global.setting.tcl "
@I [HLS-100] Command 'ap_source' returned 0; elapsed 7.6e-05Total elapsed time: 9.776 sec.
@I [HLS-100] Command "source /home/zynq-fyp/Xilinx/Vivado_HLS/2015.4/common/technology/xilinx/zynq/zynq.gen "
@I [HLS-100] Command "source /home/zynq-fyp/Xilinx/Vivado_HLS/2015.4/common/technology/xilinx/common/virtex.gen "
@I [HLS-100] Command "source /home/zynq-fyp/Xilinx/Vivado_HLS/2015.4/common/technology/xilinx/common/xilinx.gen "
@I [HLS-100] Command "source /home/zynq-fyp/Xilinx/Vivado_HLS/2015.4/common/technology/xilinx/interface/plb46.gen "
@I [HLS-100] Command 'ap_source' returned 0; elapsed 0.000581Total elapsed time: 9.777 sec.
@I [HLS-100] Command "source /home/zynq-fyp/Xilinx/Vivado_HLS/2015.4/common/technology/xilinx/interface/fsl.gen "
@I [HLS-100] Command 'ap_source' returned 0; elapsed 0.00024Total elapsed time: 9.777 sec.
@I [HLS-100] Command "source /home/zynq-fyp/Xilinx/Vivado_HLS/2015.4/common/technology/xilinx/interface/axi4.gen "
@I [HLS-100] Command 'ap_source' returned 0; elapsed 0.001143Total elapsed time: 9.778 sec.
@I [HLS-100] Command "source /home/zynq-fyp/Xilinx/Vivado_HLS/2015.4/common/technology/xilinx/interface/nativeAXI4.gen "
@I [HLS-100] Command "source /home/zynq-fyp/Xilinx/Vivado_HLS/2015.4/common/technology/xilinx/interface/saxilite.gen "
@I [HLS-100] Command 'ap_source' returned 0; elapsed 0.001918Total elapsed time: 9.780 sec.
@I [HLS-100] Command "source /home/zynq-fyp/Xilinx/Vivado_HLS/2015.4/common/technology/xilinx/interface/maxi.gen "
@I [HLS-100] Command 'ap_source' returned 0; elapsed 0.003688Total elapsed time: 9.784 sec.
@I [HLS-100] Command 'ap_source' returned 0; elapsed 0.005683Total elapsed time: 9.784 sec.
@I [HLS-100] Command "source /home/zynq-fyp/Xilinx/Vivado_HLS/2015.4/common/technology/xilinx/scripts/xilinxcoregen.gen "
@I [HLS-100] Command 'ap_source' returned 0; elapsed 0.004834Total elapsed time: 9.789 sec.
@I [HLS-100] Command "source /home/zynq-fyp/Xilinx/Vivado_HLS/2015.4/common/technology/xilinx/interface/XilEDKCoreGen.gen "
@I [HLS-100] Command 'ap_source' returned 0; elapsed 0.004516Total elapsed time: 9.793 sec.
@I [HLS-100] Command "source /home/zynq-fyp/Xilinx/Vivado_HLS/2015.4/common/technology/xilinx/ip/xfft.gen "
@I [HLS-100] Command 'ap_source' returned 0; elapsed 0.055585Total elapsed time: 9.849 sec.
@I [HLS-100] Command "source /home/zynq-fyp/Xilinx/Vivado_HLS/2015.4/common/technology/xilinx/ip/xfir.gen "
@I [HLS-100] Command 'ap_source' returned 0; elapsed 0.016941Total elapsed time: 9.866 sec.
@I [HLS-100] Command "source /home/zynq-fyp/Xilinx/Vivado_HLS/2015.4/common/technology/xilinx/ip/util.gen "
@I [HLS-100] Command 'ap_source' returned 0; elapsed 7.8e-05Total elapsed time: 9.866 sec.
@I [HLS-100] Command "source /home/zynq-fyp/Xilinx/Vivado_HLS/2015.4/common/technology/xilinx/ip/dds_compiler.gen "
@I [HLS-100] Command 'ap_source' returned 0; elapsed 0.001969Total elapsed time: 9.868 sec.
@I [HLS-100] Command 'ap_source' returned 0; elapsed 0.091933Total elapsed time: 9.868 sec.
@I [HLS-100] Command "source /home/zynq-fyp/Xilinx/Vivado_HLS/2015.4/common/technology/xilinx/common/dsp48.gen "
@I [HLS-100] Command 'ap_source' returned 0; elapsed 6.6e-05Total elapsed time: 9.869 sec.
@I [HLS-100] Command 'ap_source' returned 0; elapsed 0.092926Total elapsed time: 9.869 sec.
@I [HLS-100] Command 'ap_source' returned 0; elapsed 0.092979Total elapsed time: 9.869 sec.
@I [HLS-100] Command "source /home/zynq-fyp/Xilinx/Vivado_HLS/2015.4/common/technology/xilinx/zynq/zynq_fpv6.gen "
@I [HLS-100] Command "source /home/zynq-fyp/Xilinx/Vivado_HLS/2015.4/common/technology/xilinx/common/xilinx_fpv6.gen "
@I [HLS-100] Command 'ap_source' returned 0; elapsed 0.0011Total elapsed time: 9.870 sec.
@I [HLS-100] Command 'ap_source' returned 0; elapsed 0.001157Total elapsed time: 9.870 sec.
@I [HLS-100] Command "source /home/zynq-fyp/Desktop/maxi_latest/backsub_hls_maxi/solution1/.autopilot/db/global.setting.tcl "
@I [HLS-100] Command 'ap_source' returned 0; elapsed 0.000101Total elapsed time: 9.874 sec.
@I [HLS-100] Command "source /home/zynq-fyp/Desktop/maxi_latest/backsub_hls_maxi/solution1/.autopilot/db/global.setting.tcl "
@I [HLS-100] Command 'ap_source' returned 0; elapsed 0.000108Total elapsed time: 17.208 sec.
@I [HLS-100] Command "source /home/zynq-fyp/Xilinx/Vivado_HLS/2015.4/common/technology/generic/autopilot/common.gen "
@I [HLS-100] Command "source /home/zynq-fyp/Xilinx/Vivado_HLS/2015.4/common/technology/generic/autopilot/APCoreGen.gen "
@I [HLS-100] Command 'ap_source' returned 0; elapsed 0.000318Total elapsed time: 17.211 sec.
@I [HLS-100] Command 'ap_source' returned 0; elapsed 0.000746Total elapsed time: 17.211 sec.
@I [HLS-100] Command "source /home/zynq-fyp/Xilinx/Vivado_HLS/2015.4/common/technology/generic/autopilot/op.gen "
@I [HLS-100] Command 'ap_source' returned 0; elapsed 0.000213Total elapsed time: 17.211 sec.
@I [HLS-100] Command "source /home/zynq-fyp/Xilinx/Vivado_HLS/2015.4/common/technology/generic/autopilot/op_simcore.gen "
@I [HLS-100] Command 'ap_source' returned 0; elapsed 0.000545Total elapsed time: 17.212 sec.
@I [HLS-100] Command "source /home/zynq-fyp/Xilinx/Vivado_HLS/2015.4/common/technology/generic/autopilot/interface.gen "
@I [HLS-100] Command 'ap_source' returned 0; elapsed 4.2e-05Total elapsed time: 17.212 sec.
@I [HLS-100] Command "source /home/zynq-fyp/Desktop/maxi_latest/backsub_hls_maxi/solution1/.autopilot/db/global.setting.tcl "
@I [HLS-100] Command 'ap_source' returned 0; elapsed 7.7e-05Total elapsed time: 17.212 sec.
@I [HLS-100] Command "source /home/zynq-fyp/Xilinx/Vivado_HLS/2015.4/common/technology/xilinx/zynq/zynq.gen "
@I [HLS-100] Command "source /home/zynq-fyp/Xilinx/Vivado_HLS/2015.4/common/technology/xilinx/common/virtex.gen "
@I [HLS-100] Command "source /home/zynq-fyp/Xilinx/Vivado_HLS/2015.4/common/technology/xilinx/common/xilinx.gen "
@I [HLS-100] Command "source /home/zynq-fyp/Xilinx/Vivado_HLS/2015.4/common/technology/xilinx/interface/plb46.gen "
@I [HLS-100] Command 'ap_source' returned 0; elapsed 0.000768Total elapsed time: 17.213 sec.
@I [HLS-100] Command "source /home/zynq-fyp/Xilinx/Vivado_HLS/2015.4/common/technology/xilinx/interface/fsl.gen "
@I [HLS-100] Command 'ap_source' returned 0; elapsed 0.000316Total elapsed time: 17.213 sec.
@I [HLS-100] Command "source /home/zynq-fyp/Xilinx/Vivado_HLS/2015.4/common/technology/xilinx/interface/axi4.gen "
@I [HLS-100] Command 'ap_source' returned 0; elapsed 0.001344Total elapsed time: 17.215 sec.
@I [HLS-100] Command "source /home/zynq-fyp/Xilinx/Vivado_HLS/2015.4/common/technology/xilinx/interface/nativeAXI4.gen "
@I [HLS-100] Command "source /home/zynq-fyp/Xilinx/Vivado_HLS/2015.4/common/technology/xilinx/interface/saxilite.gen "
@I [HLS-100] Command 'ap_source' returned 0; elapsed 0.002046Total elapsed time: 17.217 sec.
@I [HLS-100] Command "source /home/zynq-fyp/Xilinx/Vivado_HLS/2015.4/common/technology/xilinx/interface/maxi.gen "
@I [HLS-100] Command 'ap_source' returned 0; elapsed 0.003742Total elapsed time: 17.221 sec.
@I [HLS-100] Command 'ap_source' returned 0; elapsed 0.005862Total elapsed time: 17.221 sec.
@I [HLS-100] Command "source /home/zynq-fyp/Xilinx/Vivado_HLS/2015.4/common/technology/xilinx/scripts/xilinxcoregen.gen "
@I [HLS-100] Command 'ap_source' returned 0; elapsed 0.004934Total elapsed time: 17.226 sec.
@I [HLS-100] Command "source /home/zynq-fyp/Xilinx/Vivado_HLS/2015.4/common/technology/xilinx/interface/XilEDKCoreGen.gen "
@I [HLS-100] Command 'ap_source' returned 0; elapsed 0.004456Total elapsed time: 17.230 sec.
@I [HLS-100] Command "source /home/zynq-fyp/Xilinx/Vivado_HLS/2015.4/common/technology/xilinx/ip/xfft.gen "
@I [HLS-100] Command 'ap_source' returned 0; elapsed 0.054959Total elapsed time: 17.285 sec.
@I [HLS-100] Command "source /home/zynq-fyp/Xilinx/Vivado_HLS/2015.4/common/technology/xilinx/ip/xfir.gen "
@I [HLS-100] Command 'ap_source' returned 0; elapsed 0.017527Total elapsed time: 17.303 sec.
@I [HLS-100] Command "source /home/zynq-fyp/Xilinx/Vivado_HLS/2015.4/common/technology/xilinx/ip/util.gen "
@I [HLS-100] Command 'ap_source' returned 0; elapsed 8.2e-05Total elapsed time: 17.303 sec.
@I [HLS-100] Command "source /home/zynq-fyp/Xilinx/Vivado_HLS/2015.4/common/technology/xilinx/ip/dds_compiler.gen "
@I [HLS-100] Command 'ap_source' returned 0; elapsed 0.001964Total elapsed time: 17.305 sec.
@I [HLS-100] Command 'ap_source' returned 0; elapsed 0.092587Total elapsed time: 17.305 sec.
@I [HLS-100] Command "source /home/zynq-fyp/Xilinx/Vivado_HLS/2015.4/common/technology/xilinx/common/dsp48.gen "
@I [HLS-100] Command 'ap_source' returned 0; elapsed 7.1e-05Total elapsed time: 17.306 sec.
@I [HLS-100] Command 'ap_source' returned 0; elapsed 0.093596Total elapsed time: 17.306 sec.
@I [HLS-100] Command 'ap_source' returned 0; elapsed 0.093652Total elapsed time: 17.306 sec.
@I [HLS-100] Command "source /home/zynq-fyp/Xilinx/Vivado_HLS/2015.4/common/technology/xilinx/zynq/zynq_fpv6.gen "
@I [HLS-100] Command "source /home/zynq-fyp/Xilinx/Vivado_HLS/2015.4/common/technology/xilinx/common/xilinx_fpv6.gen "
@I [HLS-100] Command 'ap_source' returned 0; elapsed 0.000826Total elapsed time: 17.307 sec.
@I [HLS-100] Command 'ap_source' returned 0; elapsed 0.000881Total elapsed time: 17.307 sec.
@I [HLS-100] Command "source /home/zynq-fyp/Desktop/maxi_latest/backsub_hls_maxi/solution1/.autopilot/db/global.setting.tcl "
@I [HLS-100] Command 'ap_source' returned 0; elapsed 8.9e-05Total elapsed time: 17.307 sec.
@I [HLS-100] Command "source /home/zynq-fyp/Desktop/maxi_latest/backsub_hls_maxi/solution1/.autopilot/db/global.setting.tcl "
@I [HLS-100] Command 'ap_source' returned 0; elapsed 7.6e-05Total elapsed time: 17.307 sec.
@I [HLS-100] Command "source /home/zynq-fyp/Desktop/maxi_latest/backsub_hls_maxi/solution1/.autopilot/db/global.setting.tcl "
@I [HLS-100] Command 'ap_source' returned 0; elapsed 8.3e-05Total elapsed time: 17.309 sec.
@I [HLS-100] Command "source /home/zynq-fyp/Xilinx/Vivado_HLS/2015.4/common/technology/generic/autopilot/common.gen "
@I [HLS-100] Command "source /home/zynq-fyp/Xilinx/Vivado_HLS/2015.4/common/technology/generic/autopilot/APCoreGen.gen "
@I [HLS-100] Command 'ap_source' returned 0; elapsed 0.000264Total elapsed time: 17.309 sec.
@I [HLS-100] Command 'ap_source' returned 0; elapsed 0.000551Total elapsed time: 17.309 sec.
@I [HLS-100] Command "source /home/zynq-fyp/Xilinx/Vivado_HLS/2015.4/common/technology/generic/autopilot/op.gen "
@I [HLS-100] Command 'ap_source' returned 0; elapsed 0.000152Total elapsed time: 17.310 sec.
@I [HLS-100] Command "source /home/zynq-fyp/Xilinx/Vivado_HLS/2015.4/common/technology/generic/autopilot/op_simcore.gen "
@I [HLS-100] Command 'ap_source' returned 0; elapsed 0.00046Total elapsed time: 17.310 sec.
@I [HLS-100] Command "source /home/zynq-fyp/Xilinx/Vivado_HLS/2015.4/common/technology/generic/autopilot/interface.gen "
@I [HLS-100] Command 'ap_source' returned 0; elapsed 3.8e-05Total elapsed time: 17.310 sec.
@I [HLS-100] Command "source /home/zynq-fyp/Desktop/maxi_latest/backsub_hls_maxi/solution1/.autopilot/db/global.setting.tcl "
@I [HLS-100] Command 'ap_source' returned 0; elapsed 7.4e-05Total elapsed time: 17.310 sec.
@I [HLS-100] Command "source /home/zynq-fyp/Xilinx/Vivado_HLS/2015.4/common/technology/xilinx/zynq/zynq.gen "
@I [HLS-100] Command "source /home/zynq-fyp/Xilinx/Vivado_HLS/2015.4/common/technology/xilinx/common/virtex.gen "
@I [HLS-100] Command "source /home/zynq-fyp/Xilinx/Vivado_HLS/2015.4/common/technology/xilinx/common/xilinx.gen "
@I [HLS-100] Command "source /home/zynq-fyp/Xilinx/Vivado_HLS/2015.4/common/technology/xilinx/interface/plb46.gen "
@I [HLS-100] Command 'ap_source' returned 0; elapsed 0.000515Total elapsed time: 17.311 sec.
@I [HLS-100] Command "source /home/zynq-fyp/Xilinx/Vivado_HLS/2015.4/common/technology/xilinx/interface/fsl.gen "
@I [HLS-100] Command 'ap_source' returned 0; elapsed 0.000234Total elapsed time: 17.311 sec.
@I [HLS-100] Command "source /home/zynq-fyp/Xilinx/Vivado_HLS/2015.4/common/technology/xilinx/interface/axi4.gen "
@I [HLS-100] Command 'ap_source' returned 0; elapsed 0.001164Total elapsed time: 17.312 sec.
@I [HLS-100] Command "source /home/zynq-fyp/Xilinx/Vivado_HLS/2015.4/common/technology/xilinx/interface/nativeAXI4.gen "
@I [HLS-100] Command "source /home/zynq-fyp/Xilinx/Vivado_HLS/2015.4/common/technology/xilinx/interface/saxilite.gen "
@I [HLS-100] Command 'ap_source' returned 0; elapsed 0.002095Total elapsed time: 17.315 sec.
@I [HLS-100] Command "source /home/zynq-fyp/Xilinx/Vivado_HLS/2015.4/common/technology/xilinx/interface/maxi.gen "
@I [HLS-100] Command 'ap_source' returned 0; elapsed 0.003791Total elapsed time: 17.318 sec.
@I [HLS-100] Command 'ap_source' returned 0; elapsed 0.005978Total elapsed time: 17.318 sec.
@I [HLS-100] Command "source /home/zynq-fyp/Xilinx/Vivado_HLS/2015.4/common/technology/xilinx/scripts/xilinxcoregen.gen "
@I [HLS-100] Command 'ap_source' returned 0; elapsed 0.004727Total elapsed time: 17.323 sec.
@I [HLS-100] Command "source /home/zynq-fyp/Xilinx/Vivado_HLS/2015.4/common/technology/xilinx/interface/XilEDKCoreGen.gen "
@I [HLS-100] Command 'ap_source' returned 0; elapsed 0.004315Total elapsed time: 17.327 sec.
@I [HLS-100] Command "source /home/zynq-fyp/Xilinx/Vivado_HLS/2015.4/common/technology/xilinx/ip/xfft.gen "
@I [HLS-100] Command 'ap_source' returned 0; elapsed 0.055248Total elapsed time: 17.383 sec.
@I [HLS-100] Command "source /home/zynq-fyp/Xilinx/Vivado_HLS/2015.4/common/technology/xilinx/ip/xfir.gen "
@I [HLS-100] Command 'ap_source' returned 0; elapsed 0.017101Total elapsed time: 17.400 sec.
@I [HLS-100] Command "source /home/zynq-fyp/Xilinx/Vivado_HLS/2015.4/common/technology/xilinx/ip/util.gen "
@I [HLS-100] Command 'ap_source' returned 0; elapsed 7.9e-05Total elapsed time: 17.400 sec.
@I [HLS-100] Command "source /home/zynq-fyp/Xilinx/Vivado_HLS/2015.4/common/technology/xilinx/ip/dds_compiler.gen "
@I [HLS-100] Command 'ap_source' returned 0; elapsed 0.001937Total elapsed time: 17.402 sec.
@I [HLS-100] Command 'ap_source' returned 0; elapsed 0.091653Total elapsed time: 17.402 sec.
@I [HLS-100] Command "source /home/zynq-fyp/Xilinx/Vivado_HLS/2015.4/common/technology/xilinx/common/dsp48.gen "
@I [HLS-100] Command 'ap_source' returned 0; elapsed 6.8e-05Total elapsed time: 17.403 sec.
@I [HLS-100] Command 'ap_source' returned 0; elapsed 0.092623Total elapsed time: 17.403 sec.
@I [HLS-100] Command 'ap_source' returned 0; elapsed 0.092676Total elapsed time: 17.403 sec.
@I [HLS-100] Command "source /home/zynq-fyp/Xilinx/Vivado_HLS/2015.4/common/technology/xilinx/zynq/zynq_fpv6.gen "
@I [HLS-100] Command "source /home/zynq-fyp/Xilinx/Vivado_HLS/2015.4/common/technology/xilinx/common/xilinx_fpv6.gen "
@I [HLS-100] Command 'ap_source' returned 0; elapsed 0.000812Total elapsed time: 17.404 sec.
@I [HLS-100] Command 'ap_source' returned 0; elapsed 0.000867Total elapsed time: 17.404 sec.
@I [HLS-100] Command "source /home/zynq-fyp/Desktop/maxi_latest/backsub_hls_maxi/solution1/.autopilot/db/global.setting.tcl "
@I [HLS-100] Command 'ap_source' returned 0; elapsed 7.9e-05Total elapsed time: 17.404 sec.
@I [HLS-100] Command "source /home/zynq-fyp/Desktop/maxi_latest/backsub_hls_maxi/solution1/.autopilot/db/global.setting.tcl "
@I [HLS-100] Command 'ap_source' returned 0; elapsed 6.5e-05Total elapsed time: 17.404 sec.
@I [HLS-100] Command "source /home/zynq-fyp/Desktop/maxi_latest/backsub_hls_maxi/solution1/.autopilot/db/backsub.compgen.tcl "
@I [HLS-100] Command 'ap_source' returned 0; elapsed 0.009169Total elapsed time: 17.413 sec.
@I [HLS-100] Command "source /home/zynq-fyp/Desktop/maxi_latest/backsub_hls_maxi/solution1/.autopilot/db/global.setting.tcl "
@I [HLS-100] Command 'ap_source' returned 0; elapsed 8e-05Total elapsed time: 17.429 sec.
@I [HLS-100] Command "source /home/zynq-fyp/Desktop/maxi_latest/backsub_hls_maxi/solution1/.autopilot/db/backsub.constraint.tcl "
@I [HLS-100] Command 'ap_source' returned 0; elapsed 2.9e-05Total elapsed time: 17.429 sec.
@I [HLS-100] Command "source /home/zynq-fyp/Xilinx/Vivado_HLS/2015.4/common/technology/generic/autopilot/common.gen "
@I [HLS-100] Command "source /home/zynq-fyp/Xilinx/Vivado_HLS/2015.4/common/technology/generic/autopilot/APCoreGen.gen "
@I [HLS-100] Command 'ap_source' returned 0; elapsed 0.000281Total elapsed time: 17.525 sec.
@I [HLS-100] Command 'ap_source' returned 0; elapsed 0.000632Total elapsed time: 17.526 sec.
@I [HLS-100] Command "source /home/zynq-fyp/Xilinx/Vivado_HLS/2015.4/common/technology/generic/autopilot/op.gen "
@I [HLS-100] Command 'ap_source' returned 0; elapsed 0.000162Total elapsed time: 17.526 sec.
@I [HLS-100] Command "source /home/zynq-fyp/Xilinx/Vivado_HLS/2015.4/common/technology/generic/autopilot/op_simcore.gen "
@I [HLS-100] Command 'ap_source' returned 0; elapsed 0.000496Total elapsed time: 17.526 sec.
@I [HLS-100] Command "source /home/zynq-fyp/Xilinx/Vivado_HLS/2015.4/common/technology/generic/autopilot/interface.gen "
@I [HLS-100] Command 'ap_source' returned 0; elapsed 4e-05Total elapsed time: 17.526 sec.
@I [HLS-100] Command "source /home/zynq-fyp/Desktop/maxi_latest/backsub_hls_maxi/solution1/.autopilot/db/global.setting.tcl "
@I [HLS-100] Command 'ap_source' returned 0; elapsed 8e-05Total elapsed time: 17.527 sec.
@I [HLS-100] Command "source /home/zynq-fyp/Xilinx/Vivado_HLS/2015.4/common/technology/xilinx/zynq/zynq.gen "
@I [HLS-100] Command "source /home/zynq-fyp/Xilinx/Vivado_HLS/2015.4/common/technology/xilinx/common/virtex.gen "
@I [HLS-100] Command "source /home/zynq-fyp/Xilinx/Vivado_HLS/2015.4/common/technology/xilinx/common/xilinx.gen "
@I [HLS-100] Command "source /home/zynq-fyp/Xilinx/Vivado_HLS/2015.4/common/technology/xilinx/interface/plb46.gen "
@I [HLS-100] Command 'ap_source' returned 0; elapsed 0.000575Total elapsed time: 17.527 sec.
@I [HLS-100] Command "source /home/zynq-fyp/Xilinx/Vivado_HLS/2015.4/common/technology/xilinx/interface/fsl.gen "
@I [HLS-100] Command 'ap_source' returned 0; elapsed 0.000241Total elapsed time: 17.528 sec.
@I [HLS-100] Command "source /home/zynq-fyp/Xilinx/Vivado_HLS/2015.4/common/technology/xilinx/interface/axi4.gen "
@I [HLS-100] Command 'ap_source' returned 0; elapsed 0.001136Total elapsed time: 17.529 sec.
@I [HLS-100] Command "source /home/zynq-fyp/Xilinx/Vivado_HLS/2015.4/common/technology/xilinx/interface/nativeAXI4.gen "
@I [HLS-100] Command "source /home/zynq-fyp/Xilinx/Vivado_HLS/2015.4/common/technology/xilinx/interface/saxilite.gen "
@I [HLS-100] Command 'ap_source' returned 0; elapsed 0.001873Total elapsed time: 17.531 sec.
@I [HLS-100] Command "source /home/zynq-fyp/Xilinx/Vivado_HLS/2015.4/common/technology/xilinx/interface/maxi.gen "
@I [HLS-100] Command 'ap_source' returned 0; elapsed 0.003526Total elapsed time: 17.534 sec.
@I [HLS-100] Command 'ap_source' returned 0; elapsed 0.005473Total elapsed time: 17.534 sec.
@I [HLS-100] Command "source /home/zynq-fyp/Xilinx/Vivado_HLS/2015.4/common/technology/xilinx/scripts/xilinxcoregen.gen "
@I [HLS-100] Command 'ap_source' returned 0; elapsed 0.004684Total elapsed time: 17.539 sec.
@I [HLS-100] Command "source /home/zynq-fyp/Xilinx/Vivado_HLS/2015.4/common/technology/xilinx/interface/XilEDKCoreGen.gen "
@I [HLS-100] Command 'ap_source' returned 0; elapsed 0.004341Total elapsed time: 17.543 sec.
@I [HLS-100] Command "source /home/zynq-fyp/Xilinx/Vivado_HLS/2015.4/common/technology/xilinx/ip/xfft.gen "
@I [HLS-100] Command 'ap_source' returned 0; elapsed 0.054652Total elapsed time: 17.598 sec.
@I [HLS-100] Command "source /home/zynq-fyp/Xilinx/Vivado_HLS/2015.4/common/technology/xilinx/ip/xfir.gen "
@I [HLS-100] Command 'ap_source' returned 0; elapsed 0.017371Total elapsed time: 17.616 sec.
@I [HLS-100] Command "source /home/zynq-fyp/Xilinx/Vivado_HLS/2015.4/common/technology/xilinx/ip/util.gen "
@I [HLS-100] Command 'ap_source' returned 0; elapsed 9.5e-05Total elapsed time: 17.616 sec.
@I [HLS-100] Command "source /home/zynq-fyp/Xilinx/Vivado_HLS/2015.4/common/technology/xilinx/ip/dds_compiler.gen "
@I [HLS-100] Command 'ap_source' returned 0; elapsed 0.002092Total elapsed time: 17.618 sec.
@I [HLS-100] Command 'ap_source' returned 0; elapsed 0.091029Total elapsed time: 17.618 sec.
@I [HLS-100] Command "source /home/zynq-fyp/Xilinx/Vivado_HLS/2015.4/common/technology/xilinx/common/dsp48.gen "
@I [HLS-100] Command 'ap_source' returned 0; elapsed 6.8e-05Total elapsed time: 17.619 sec.
@I [HLS-100] Command 'ap_source' returned 0; elapsed 0.092029Total elapsed time: 17.619 sec.
@I [HLS-100] Command 'ap_source' returned 0; elapsed 0.092082Total elapsed time: 17.619 sec.
@I [HLS-100] Command "source /home/zynq-fyp/Xilinx/Vivado_HLS/2015.4/common/technology/xilinx/zynq/zynq_fpv6.gen "
@I [HLS-100] Command "source /home/zynq-fyp/Xilinx/Vivado_HLS/2015.4/common/technology/xilinx/common/xilinx_fpv6.gen "
@I [HLS-100] Command 'ap_source' returned 0; elapsed 0.001134Total elapsed time: 17.620 sec.
@I [HLS-100] Command 'ap_source' returned 0; elapsed 0.001205Total elapsed time: 17.620 sec.
@I [HLS-100] Command "source /home/zynq-fyp/Desktop/maxi_latest/backsub_hls_maxi/solution1/.autopilot/db/global.setting.tcl "
@I [HLS-100] Command 'ap_source' returned 0; elapsed 0.000138Total elapsed time: 17.624 sec.
@I [HLS-100] Command 'export_design' returned 0; elapsed 1.53423Total elapsed time: 24.897 sec.
@I [HLS-100] Command 'ap_source' returned 0; elapsed 1.65864Total elapsed time: 24.897 sec.
@I [HLS-100] Command "cleanup_all "
@I [HLS-100] Command 'cleanup_all' returned 0; elapsed 0.000308Total elapsed time: 24.897 sec.
